Client/app/build/intermediates/manifest_merge_blame_file/debug/manifest-merger-blame-debug-report.txt
1<?xml version="1.0" encoding="utf-8"?>
2<manifest xmlns:android="http://schemas.android.com/apk/res/android"
3    package="com.medium.client"
4    android:versionCode="1"
5    android:versionName="1.0" >
6
7    <uses-sdk
8        android:minSdkVersion="28"
8-->src/main/AndroidManifest.xml
9        android:targetSdkVersion="33" />
9-->src/main/AndroidManifest.xml
10
11    <permission
11-->[androidx.core:core:1.9.0] AndroidManifest.xml:22:5-24:47
12        android:name="com.medium.client.DYNAMIC_RECEIVER_NOT_EXPORTED_PERMISSION"
12-->[androidx.core:core:1.9.0] AndroidManifest.xml:23:9-81
13        android:protectionLevel="signature" />
13-->[androidx.core:core:1.9.0] AndroidManifest.xml:24:9-44
14
15    <uses-permission android:name="com.medium.client.DYNAMIC_RECEIVER_NOT_EXPORTED_PERMISSION" />
15-->[androidx.core:core:1.9.0] AndroidManifest.xml:26:5-97
15-->[androidx.core:core:1.9.0] AndroidManifest.xml:26:22-94
16
17    <application
17-->src/main/AndroidManifest.xml:6:5-27:19
18        android:allowBackup="true"
18-->src/main/AndroidManifest.xml:7:9-35
19        android:appComponentFactory="androidx.core.app.CoreComponentFactory"
19-->[androidx.core:core:1.9.0] AndroidManifest.xml:28:18-86
20        android:dataExtractionRules="@xml/data_extraction_rules"
20-->src/main/AndroidManifest.xml:8:9-65
21        android:debuggable="true"
22        android:extractNativeLibs="false"
23        android:fullBackupContent="@xml/backup_rules"
23-->src/main/AndroidManifest.xml:9:9-54
24        android:icon="@mipmap/ic_launcher"
24-->src/main/AndroidManifest.xml:10:9-43
25        android:label="@string/app_name"
25-->src/main/AndroidManifest.xml:11:9-41
26        android:roundIcon="@mipmap/ic_launcher_round"
26-->src/main/AndroidManifest.xml:12:9-54
27        android:supportsRtl="true"
27-->src/main/AndroidManifest.xml:13:9-35
28        android:testOnly="true"
29        android:theme="@style/Theme.Client" >
29-->src/main/AndroidManifest.xml:14:9-44
30        <activity
30-->src/main/AndroidManifest.xml:16:9-26:20
31            android:name="com.medium.client.MainActivity"
31-->src/main/AndroidManifest.xml:17:13-41
32            android:exported="true"
32-->src/main/AndroidManifest.xml:18:13-36
33            android:label="@string/app_name"
33-->src/main/AndroidManifest.xml:19:13-45
34            android:theme="@style/Theme.Client" >
34-->src/main/AndroidManifest.xml:20:13-48
35            <intent-filter>
35-->src/main/AndroidManifest.xml:21:13-25:29
36                <action android:name="android.intent.action.MAIN" />
36-->src/main/AndroidManifest.xml:22:17-69
36-->src/main/AndroidManifest.xml:22:25-66
37
38                <category android:name="android.intent.category.LAUNCHER" />
38-->src/main/AndroidManifest.xml:24:17-77
38-->src/main/AndroidManifest.xml:24:27-74
39            </intent-filter>
40        </activity>
41        <activity
41-->[androidx.compose.ui:ui-tooling:1.2.1] AndroidManifest.xml:24:9-26:39
42            android:name="androidx.compose.ui.tooling.PreviewActivity"
42-->[androidx.compose.ui:ui-tooling:1.2.1] AndroidManifest.xml:25:13-71
43            android:exported="true" />
43-->[androidx.compose.ui:ui-tooling:1.2.1] AndroidManifest.xml:26:13-36
44        <activity
44-->[androidx.compose.ui:ui-test-manifest:1.2.1] AndroidManifest.xml:24:9-26:39
45            android:name="androidx.activity.ComponentActivity"
45-->[androidx.compose.ui:ui-test-manifest:1.2.1] AndroidManifest.xml:25:13-63
46            android:exported="true" />
46-->[androidx.compose.ui:ui-test-manifest:1.2.1] AndroidManifest.xml:26:13-36
47
48        <provider
48-->[androidx.profileinstaller:profileinstaller:1.2.0] AndroidManifest.xml:25:9-33:20
49            android:name="androidx.startup.InitializationProvider"
49-->[androidx.profileinstaller:profileinstaller:1.2.0] AndroidManifest.xml:26:13-67
50            android:authorities="com.medium.client.androidx-startup"
50-->[androidx.profileinstaller:profileinstaller:1.2.0] AndroidManifest.xml:27:13-68
51            android:exported="false" >
51-->[androidx.profileinstaller:profileinstaller:1.2.0] AndroidManifest.xml:28:13-37
52            <meta-data
52-->[androidx.profileinstaller:profileinstaller:1.2.0] AndroidManifest.xml:30:13-32:52
53                android:name="androidx.profileinstaller.ProfileInstallerInitializer"
53-->[androidx.profileinstaller:profileinstaller:1.2.0] AndroidManifest.xml:31:17-85
54                android:value="androidx.startup" />
54-->[androidx.profileinstaller:profileinstaller:1.2.0] AndroidManifest.xml:32:17-49
55        </provider>
56
57        <receiver
57-->[androidx.profileinstaller:profileinstaller:1.2.0] AndroidManifest.xml:35:9-47:20
58            android:name="androidx.profileinstaller.ProfileInstallReceiver"
58-->[androidx.profileinstaller:profileinstaller:1.2.0] AndroidManifest.xml:36:13-76
59            android:directBootAware="false"
59-->[androidx.profileinstaller:profileinstaller:1.2.0] AndroidManifest.xml:37:13-44
60            android:enabled="true"
60-->[androidx.profileinstaller:profileinstaller:1.2.0] AndroidManifest.xml:38:13-35
61            android:exported="true"
61-->[androidx.profileinstaller:profileinstaller:1.2.0] AndroidManifest.xml:39:13-36
62            android:permission="android.permission.DUMP" >
62-->[androidx.profileinstaller:profileinstaller:1.2.0] AndroidManifest.xml:40:13-57
63            <intent-filter>
63-->[androidx.profileinstaller:profileinstaller:1.2.0] AndroidManifest.xml:41:13-43:29
64                <action android:name="androidx.profileinstaller.action.INSTALL_PROFILE" />
64-->[androidx.profileinstaller:profileinstaller:1.2.0] AndroidManifest.xml:42:17-91
64-->[androidx.profileinstaller:profileinstaller:1.2.0] AndroidManifest.xml:42:25-88
65            </intent-filter>
66            <intent-filter>
66-->[androidx.profileinstaller:profileinstaller:1.2.0] AndroidManifest.xml:44:13-46:29
67                <action android:name="androidx.profileinstaller.action.SKIP_FILE" />
67-->[androidx.profileinstaller:profileinstaller:1.2.0] AndroidManifest.xml:45:17-85
67-->[androidx.profileinstaller:profileinstaller:1.2.0] AndroidManifest.xml:45:25-82
68            </intent-filter>
69        </receiver>
70    </application>
71
72</manifest>